[debug] [2023-12-07T10:51:52.715Z] ----------------------------------------------------------------------
[debug] [2023-12-07T10:51:52.718Z] Command:       C:\Program Files\nodejs\node.exe C:\Users\adrie\AppData\Roaming\npm\node_modules\firebase-tools\lib\bin\firebase.js deploy --only functions
[debug] [2023-12-07T10:51:52.718Z] CLI Version:   13.0.0
[debug] [2023-12-07T10:51:52.719Z] Platform:      win32
[debug] [2023-12-07T10:51:52.719Z] Node Version:  v18.15.0
[debug] [2023-12-07T10:51:52.720Z] Time:          Thu Dec 07 2023 11:51:52 GMT+0100 (heure normale d’Europe centrale)
[debug] [2023-12-07T10:51:52.720Z] ----------------------------------------------------------------------
[debug] 
[debug] [2023-12-07T10:51:52.836Z] > command requires scopes: ["email","openid","https://www.googleapis.com/auth/cloudplatformprojects.readonly","https://www.googleapis.com/auth/firebase","https://www.googleapis.com/auth/cloud-platform"]
[debug] [2023-12-07T10:51:52.836Z] > authorizing via signed-in user (snaimuh@googlemail.com)
[debug] [2023-12-07T10:51:52.837Z] [iam] checking project drilllight for permissions ["cloudfunctions.functions.create","cloudfunctions.functions.delete","cloudfunctions.functions.get","cloudfunctions.functions.list","cloudfunctions.functions.update","cloudfunctions.operations.get","firebase.projects.get"]
[debug] [2023-12-07T10:51:52.840Z] >>> [apiv2][query] POST https://cloudresourcemanager.googleapis.com/v1/projects/drilllight:testIamPermissions [none]
[debug] [2023-12-07T10:51:52.841Z] >>> [apiv2][(partial)header] POST https://cloudresourcemanager.googleapis.com/v1/projects/drilllight:testIamPermissions x-goog-quota-user=projects/drilllight
[debug] [2023-12-07T10:51:52.842Z] >>> [apiv2][body] POST https://cloudresourcemanager.googleapis.com/v1/projects/drilllight:testIamPermissions {"permissions":["cloudfunctions.functions.create","cloudfunctions.functions.delete","cloudfunctions.functions.get","cloudfunctions.functions.list","cloudfunctions.functions.update","cloudfunctions.operations.get","firebase.projects.get"]}
[debug] [2023-12-07T10:51:53.569Z] <<< [apiv2][status] POST https://cloudresourcemanager.googleapis.com/v1/projects/drilllight:testIamPermissions 200
[debug] [2023-12-07T10:51:53.570Z] <<< [apiv2][body] POST https://cloudresourcemanager.googleapis.com/v1/projects/drilllight:testIamPermissions {"permissions":["cloudfunctions.functions.create","cloudfunctions.functions.delete","cloudfunctions.functions.get","cloudfunctions.functions.list","cloudfunctions.functions.update","cloudfunctions.operations.get","firebase.projects.get"]}
[debug] [2023-12-07T10:51:53.571Z] >>> [apiv2][query] POST https://iam.googleapis.com/v1/projects/drilllight/serviceAccounts/drilllight@appspot.gserviceaccount.com:testIamPermissions [none]
[debug] [2023-12-07T10:51:53.571Z] >>> [apiv2][body] POST https://iam.googleapis.com/v1/projects/drilllight/serviceAccounts/drilllight@appspot.gserviceaccount.com:testIamPermissions {"permissions":["iam.serviceAccounts.actAs"]}
[debug] [2023-12-07T10:51:54.239Z] <<< [apiv2][status] POST https://iam.googleapis.com/v1/projects/drilllight/serviceAccounts/drilllight@appspot.gserviceaccount.com:testIamPermissions 200
[debug] [2023-12-07T10:51:54.239Z] <<< [apiv2][body] POST https://iam.googleapis.com/v1/projects/drilllight/serviceAccounts/drilllight@appspot.gserviceaccount.com:testIamPermissions {"permissions":["iam.serviceAccounts.actAs"]}
[info] 
[info] === Deploying to 'drilllight'...
[info] 
[info] i  deploying functions 
[info] Running command: npm --prefix "$RESOURCE_DIR" run build
[info] +  functions: Finished running predeploy script. 
[debug] [2023-12-07T10:52:14.346Z] >>> [apiv2][query] GET https://firebase.googleapis.com/v1beta1/projects/drilllight [none]
[debug] [2023-12-07T10:52:14.666Z] <<< [apiv2][status] GET https://firebase.googleapis.com/v1beta1/projects/drilllight 200
[debug] [2023-12-07T10:52:14.666Z] <<< [apiv2][body] GET https://firebase.googleapis.com/v1beta1/projects/drilllight {"projectId":"drilllight","projectNumber":"394188004542","displayName":"DRILLLIGHT","name":"projects/drilllight","resources":{"hostingSite":"drilllight","realtimeDatabaseInstance":"drilllight-default-rtdb","storageBucket":"drilllight.appspot.com","locationId":"europe-west"},"state":"ACTIVE","etag":"1_96a87d0e-7d2f-4f38-bfcc-e0294f0ecd7a"}
[info] i  functions: preparing codebase default for deployment 
[info] i  functions: ensuring required API cloudfunctions.googleapis.com is enabled... 
[info] i  functions: ensuring required API cloudbuild.googleapis.com is enabled... 
[info] i  artifactregistry: ensuring required API artifactregistry.googleapis.com is enabled... 
[debug] [2023-12-07T10:52:14.671Z] >>> [apiv2][query] GET https://serviceusage.googleapis.com/v1/projects/drilllight/services/cloudfunctions.googleapis.com [none]
[debug] [2023-12-07T10:52:14.671Z] >>> [apiv2][(partial)header] GET https://serviceusage.googleapis.com/v1/projects/drilllight/services/cloudfunctions.googleapis.com x-goog-quota-user=projects/drilllight
[debug] [2023-12-07T10:52:14.676Z] >>> [apiv2][query] GET https://serviceusage.googleapis.com/v1/projects/drilllight/services/runtimeconfig.googleapis.com [none]
[debug] [2023-12-07T10:52:14.677Z] >>> [apiv2][(partial)header] GET https://serviceusage.googleapis.com/v1/projects/drilllight/services/runtimeconfig.googleapis.com x-goog-quota-user=projects/drilllight
[debug] [2023-12-07T10:52:14.681Z] >>> [apiv2][query] GET https://serviceusage.googleapis.com/v1/projects/drilllight/services/cloudbuild.googleapis.com [none]
[debug] [2023-12-07T10:52:14.681Z] >>> [apiv2][(partial)header] GET https://serviceusage.googleapis.com/v1/projects/drilllight/services/cloudbuild.googleapis.com x-goog-quota-user=projects/drilllight
[debug] [2023-12-07T10:52:14.684Z] >>> [apiv2][query] GET https://serviceusage.googleapis.com/v1/projects/drilllight/services/artifactregistry.googleapis.com [none]
[debug] [2023-12-07T10:52:14.684Z] >>> [apiv2][(partial)header] GET https://serviceusage.googleapis.com/v1/projects/drilllight/services/artifactregistry.googleapis.com x-goog-quota-user=projects/drilllight
[debug] [2023-12-07T10:52:15.514Z] <<< [apiv2][status] GET https://serviceusage.googleapis.com/v1/projects/drilllight/services/cloudfunctions.googleapis.com 200
[debug] [2023-12-07T10:52:15.514Z] <<< [apiv2][body] GET https://serviceusage.googleapis.com/v1/projects/drilllight/services/cloudfunctions.googleapis.com [omitted]
[info] +  functions: required API cloudfunctions.googleapis.com is enabled 
[debug] [2023-12-07T10:52:15.516Z] <<< [apiv2][status] GET https://serviceusage.googleapis.com/v1/projects/drilllight/services/runtimeconfig.googleapis.com 200
[debug] [2023-12-07T10:52:15.516Z] <<< [apiv2][body] GET https://serviceusage.googleapis.com/v1/projects/drilllight/services/runtimeconfig.googleapis.com [omitted]
[debug] [2023-12-07T10:52:15.535Z] <<< [apiv2][status] GET https://serviceusage.googleapis.com/v1/projects/drilllight/services/cloudbuild.googleapis.com 200
[debug] [2023-12-07T10:52:15.535Z] <<< [apiv2][body] GET https://serviceusage.googleapis.com/v1/projects/drilllight/services/cloudbuild.googleapis.com [omitted]
[info] +  functions: required API cloudbuild.googleapis.com is enabled 
[debug] [2023-12-07T10:52:15.551Z] <<< [apiv2][status] GET https://serviceusage.googleapis.com/v1/projects/drilllight/services/artifactregistry.googleapis.com 200
[debug] [2023-12-07T10:52:15.551Z] <<< [apiv2][body] GET https://serviceusage.googleapis.com/v1/projects/drilllight/services/artifactregistry.googleapis.com [omitted]
[info] +  artifactregistry: required API artifactregistry.googleapis.com is enabled 
[debug] [2023-12-07T10:52:15.552Z] >>> [apiv2][query] GET https://firebase.googleapis.com/v1beta1/projects/drilllight/adminSdkConfig [none]
[debug] [2023-12-07T10:52:15.883Z] <<< [apiv2][status] GET https://firebase.googleapis.com/v1beta1/projects/drilllight/adminSdkConfig 200
[debug] [2023-12-07T10:52:15.883Z] <<< [apiv2][body] GET https://firebase.googleapis.com/v1beta1/projects/drilllight/adminSdkConfig {"projectId":"drilllight","databaseURL":"https://drilllight-default-rtdb.europe-west1.firebasedatabase.app","storageBucket":"drilllight.appspot.com","locationId":"europe-west"}
[debug] [2023-12-07T10:52:15.884Z] >>> [apiv2][query] GET https://runtimeconfig.googleapis.com/v1beta1/projects/drilllight/configs [none]
[debug] [2023-12-07T10:52:16.112Z] <<< [apiv2][status] GET https://runtimeconfig.googleapis.com/v1beta1/projects/drilllight/configs 200
[debug] [2023-12-07T10:52:16.112Z] <<< [apiv2][body] GET https://runtimeconfig.googleapis.com/v1beta1/projects/drilllight/configs {"configs":[{"name":"projects/drilllight/configs/private"},{"name":"projects/drilllight/configs/project"},{"name":"projects/drilllight/configs/client"}]}
[debug] [2023-12-07T10:52:16.114Z] >>> [apiv2][query] GET https://runtimeconfig.googleapis.com/v1beta1/projects/drilllight/configs/private/variables [none]
[debug] [2023-12-07T10:52:16.119Z] >>> [apiv2][query] GET https://runtimeconfig.googleapis.com/v1beta1/projects/drilllight/configs/project/variables [none]
[debug] [2023-12-07T10:52:16.124Z] >>> [apiv2][query] GET https://runtimeconfig.googleapis.com/v1beta1/projects/drilllight/configs/client/variables [none]
[debug] [2023-12-07T10:52:16.348Z] <<< [apiv2][status] GET https://runtimeconfig.googleapis.com/v1beta1/projects/drilllight/configs/project/variables 200
[debug] [2023-12-07T10:52:16.348Z] <<< [apiv2][body] GET https://runtimeconfig.googleapis.com/v1beta1/projects/drilllight/configs/project/variables {"variables":[{"name":"projects/drilllight/configs/project/variables/id","updateTime":"2023-12-07T08:14:34.507313778Z"}]}
[debug] [2023-12-07T10:52:16.349Z] >>> [apiv2][query] GET https://runtimeconfig.googleapis.com/v1beta1/projects/drilllight/configs/project/variables/id [none]
[debug] [2023-12-07T10:52:16.421Z] <<< [apiv2][status] GET https://runtimeconfig.googleapis.com/v1beta1/projects/drilllight/configs/private/variables 200
[debug] [2023-12-07T10:52:16.421Z] <<< [apiv2][body] GET https://runtimeconfig.googleapis.com/v1beta1/projects/drilllight/configs/private/variables {"variables":[{"name":"projects/drilllight/configs/private/variables/key","updateTime":"2023-12-07T08:14:34.209647223Z"}]}
[debug] [2023-12-07T10:52:16.422Z] >>> [apiv2][query] GET https://runtimeconfig.googleapis.com/v1beta1/projects/drilllight/configs/private/variables/key [none]
[debug] [2023-12-07T10:52:16.469Z] <<< [apiv2][status] GET https://runtimeconfig.googleapis.com/v1beta1/projects/drilllight/configs/client/variables 200
[debug] [2023-12-07T10:52:16.469Z] <<< [apiv2][body] GET https://runtimeconfig.googleapis.com/v1beta1/projects/drilllight/configs/client/variables {"variables":[{"name":"projects/drilllight/configs/client/variables/email","updateTime":"2023-12-07T08:14:33.895148298Z"}]}
[debug] [2023-12-07T10:52:16.470Z] >>> [apiv2][query] GET https://runtimeconfig.googleapis.com/v1beta1/projects/drilllight/configs/client/variables/email [none]
[debug] [2023-12-07T10:52:16.747Z] <<< [apiv2][status] GET https://runtimeconfig.googleapis.com/v1beta1/projects/drilllight/configs/private/variables/key 200
[debug] [2023-12-07T10:52:16.747Z] <<< [apiv2][body] GET https://runtimeconfig.googleapis.com/v1beta1/projects/drilllight/configs/private/variables/key {"name":"projects/drilllight/configs/private/variables/key","updateTime":"2023-12-07T08:14:34.209647223Z","text":"-----BEGIN PRIVATE KEY-----\\nMIIEvQIBADANBgkqhkiG9w0BAQEFAASCBKcwggSjAgEAAoIBAQCZnNrKwF2uY+s/\\niJ8gtTDxcq7gH8Kv0AAtP/6BvPV79bcm+c/2e2f8KJu0p8/FF6YeFgsju0qNe+fQ\\nfyjTOa1rtyHZ16AZ0coyf2WkVQQjyDTlFbqu3TM5HaXjCjwEeMWw9HyBFobExK7c\\nzDCWfWCyGVzOd8s/F8rKZTvNIPoKBszrG5lhROBKj1nsb+WXl8k2GWgrpeEUpfS1\\nWIU7WE6KWLumOa31ts36pRIQs0dADj5UF/2n5fpQl5pQzQWEkPsC5XgIzKcUhlbJ\\nYFLrvghU463h9/sdhF6mMLuTj2wgJIW5mlYqG+MdcwHp5APAWrFfo48IklNY0145\\nKulta25pAgMBAAECggEAApJYLVscFmPQ1+mdybU5gl6fo9vpl/o8+S+gP07JCKVm\\nnA3u7TBICjYp09PtYV4nJ0t02J51kznMTzbEbwjWU5PSIBdWiageoPV2ClLBX3ym\\nD2HA6YAwL9gZuLEpVmUpNhsEYerdIGUvN5NpitNthNMc384B8Tv2O/4xippvOoS3\\npjbVO2tD1WvCxcz2YtXTpQCmSjVYcdVwhlVNag7gPQPxLYY3Ba8MN3ONSfwLI1FC\\nMRoMqFHxoyopSkxZ+gggx1gcoJJqR9fcb2kVf6z1RNvlLXROQRHY+O/AKdlWePYA\\n9j2D1FC2zkxnaSci1woDZ0lZ4Ts12L8MBQXaTRLLgwKBgQDN1xH24boqxI1rmlNy\\nDfLTqnGaVG1LbAniwrc43QIJgSELnBu9DCk1wqQMzPbnrLR6/qASiHrfwYd3c6L1\\nx+KOpTk0fNsVvo9OHAdPODwTZoLKfL7aBdfEIr+h40/KlQLLsA/Av1XlYrfmRTbb\\noe0XeEphfSASTAaiiDFCxb1EbwKBgQC/C65MnQ78c2WiM9cb+FkN7eVVocvRY0Kp\\nHqcc10nzZX7irfoxLdL+fpnVWJR8CQLYmW1lpofaGJRJzOBD/a1+zimlRLDagG/B\\nVP1WbutRQVPGQ7SgwIqREzyUAcvnKUGOHVc8NWirokKfdeIVwv9n5siNqB/o8JeC\\n3A3WCbHWpwKBgD9fVK+OpXNfWi7jr4cw1i7mjd022wNaetyumBxQprzoXZUmdb/J\\nS7K6fylVvTpsiJBJblzmWfYjriJPnr9Oz+ic47TOL+FM7u/cXz+7j3tllyTiLRwQ\\nqnI/RIKB6mHzaI3vYZo1Div2LaoeaxpJiyYrqbLEBCi98Vj+1zO4j2HPAoGBALmS\\nNBVxPfxUbzWWW21s17wjB/AdAGj8nOS/xJ3MNaX6Qb0YN32LwHa6LN1CdMDi0+Pn\\nbI8fqrhbxbbGDlWc1OjmgydoyM0FkwhdcNODXIqKBUEBxTOcszxmTiKKeDCrL2VG\\n9NSkIG8PZt2T2S9AQW0AjHClDZHsGY/gBoSQ2DDjAoGAFSZnaXGKNKt4SgIz1mOn\\nE7ck1PoJCsms79j9EkCaI46DKI/NDUY7diOgsYjeoKccNPd9BhKRPgH+bCHB3cbW\\nYyXV2rzIpT1QhU+++oBwsPGZGRc/BW0eztLbi1J+1g83cOZRNa0DzqN3m3FZYcaT\\n5DHkcu8e7UKVzKV95+0SNXg=\\n-----END PRIVATE KEY-----\\n"}
[debug] [2023-12-07T10:52:17.191Z] <<< [apiv2][status] GET https://runtimeconfig.googleapis.com/v1beta1/projects/drilllight/configs/client/variables/email 200
[debug] [2023-12-07T10:52:17.193Z] <<< [apiv2][body] GET https://runtimeconfig.googleapis.com/v1beta1/projects/drilllight/configs/client/variables/email {"name":"projects/drilllight/configs/client/variables/email","updateTime":"2023-12-07T08:14:33.895148298Z","text":"firebase-adminsdk-77oyb@drilllight.iam.gserviceaccount.com"}
[debug] [2023-12-07T10:52:17.298Z] <<< [apiv2][status] GET https://runtimeconfig.googleapis.com/v1beta1/projects/drilllight/configs/project/variables/id 200
[debug] [2023-12-07T10:52:17.299Z] <<< [apiv2][body] GET https://runtimeconfig.googleapis.com/v1beta1/projects/drilllight/configs/project/variables/id {"name":"projects/drilllight/configs/project/variables/id","updateTime":"2023-12-07T08:14:34.507313778Z","text":"drilllight"}
[debug] [2023-12-07T10:52:17.304Z] Validating nodejs source
[debug] [2023-12-07T10:52:19.202Z] > [functions] package.json contents: {
  "name": "functions",
  "scripts": {
    "build": "tsc",
    "build:watch": "tsc --watch",
    "serve": "npm run build && firebase emulators:start --only functions",
    "shell": "npm run build && firebase functions:shell",
    "start": "npm run shell",
    "deploy": "firebase deploy --only functions",
    "logs": "firebase functions:log"
  },
  "engines": {
    "node": "18"
  },
  "main": "lib/index.js",
  "dependencies": {
    "express": "^4.18.2",
    "firebase-admin": "^11.8.0",
    "firebase-functions": "^4.3.1"
  },
  "devDependencies": {
    "firebase-functions-test": "^3.1.0",
    "typescript": "^4.9.0"
  },
  "private": true
}
[debug] [2023-12-07T10:52:19.203Z] Building nodejs source
[info] i  functions: Loading and analyzing source code for codebase default to determine what to deploy 
[debug] [2023-12-07T10:52:19.209Z] Could not find functions.yaml. Must use http discovery
[debug] [2023-12-07T10:52:19.229Z] Found firebase-functions binary at 'C:\Users\adrie\OneDrive\Desktop\DRILLLIGHT-LITE\Back-office-lite\functions\node_modules\.bin\firebase-functions'
[info] Serving at port 8640

[debug] [2023-12-07T10:52:20.819Z] Got response from /__/functions.yaml {"endpoints":{"app":{"platform":"gcfv1","availableMemoryMb":null,"timeoutSeconds":null,"minInstances":null,"maxInstances":null,"ingressSettings":null,"serviceAccountEmail":null,"vpc":null,"httpsTrigger":{},"entryPoint":"app"}},"specVersion":"v1alpha1","requiredAPIs":[]}
[info] i  functions: preparing functions directory for uploading... 
[info] i  functions: packaged C:\Users\adrie\OneDrive\Desktop\DRILLLIGHT-LITE\Back-office-lite\functions (80.22 KB) for uploading 
[debug] [2023-12-07T10:52:21.120Z] >>> [apiv2][query] GET https://cloudfunctions.googleapis.com/v1/projects/drilllight/locations/-/functions [none]
[debug] [2023-12-07T10:52:21.640Z] <<< [apiv2][status] GET https://cloudfunctions.googleapis.com/v1/projects/drilllight/locations/-/functions 200
[debug] [2023-12-07T10:52:21.641Z] <<< [apiv2][body] GET https://cloudfunctions.googleapis.com/v1/projects/drilllight/locations/-/functions {"functions":[{"name":"projects/drilllight/locations/europe-central2/functions/getTheRequestToken","httpsTrigger":{"url":"https://europe-central2-drilllight.cloudfunctions.net/getTheRequestToken","securityLevel":"SECURE_ALWAYS"},"status":"ACTIVE","entryPoint":"helloWorld","timeout":"60s","availableMemoryMb":256,"serviceAccountEmail":"drilllight@appspot.gserviceaccount.com","updateTime":"2023-04-26T09:49:56.689Z","versionId":"1","labels":{"deployment-tool":"console-cloud"},"sourceUploadUrl":"https://storage.googleapis.com/uploads-877860573604.europe-central2.cloudfunctions.appspot.com/44962a28-53bc-4d7d-9b41-ab6586322da6.zip","runtime":"nodejs18","maxInstances":3000,"ingressSettings":"ALLOW_ALL","buildId":"ee0d3074-9b16-499e-b63e-d51222b964d3","buildName":"projects/394188004542/locations/europe-central2/builds/ee0d3074-9b16-499e-b63e-d51222b964d3","dockerRegistry":"CONTAINER_REGISTRY"},{"name":"projects/drilllight/locations/us-central1/functions/app","httpsTrigger":{"url":"https://us-central1-drilllight.cloudfunctions.net/app","securityLevel":"SECURE_ALWAYS"},"status":"ACTIVE","entryPoint":"app","timeout":"60s","availableMemoryMb":256,"serviceAccountEmail":"drilllight@appspot.gserviceaccount.com","updateTime":"2023-12-07T09:53:36.648Z","versionId":"3","labels":{"deployment-tool":"cli-firebase","firebase-functions-hash":"ba86ac9db600fa87989647b6d24f8425cd6db026"},"sourceUploadUrl":"https://storage.googleapis.com/uploads-379928532172.us-central1.cloudfunctions.appspot.com/bc797c4c-b54d-4e7c-a4a5-818a3e27bab6.zip","environmentVariables":{"FIREBASE_CONFIG":"{\"projectId\":\"drilllight\",\"databaseURL\":\"https://drilllight-default-rtdb.europe-west1.firebasedatabase.app\",\"storageBucket\":\"drilllight.appspot.com\",\"locationId\":\"europe-west\"}","GCLOUD_PROJECT":"drilllight","EVENTARC_CLOUD_EVENT_SOURCE":"projects/drilllight/locations/us-central1/functions/app"},"runtime":"nodejs18","ingressSettings":"ALLOW_ALL","buildId":"95fcf33b-922a-45c3-92d6-c71aa4136648","buildEnvironmentVariables":{"GOOGLE_NODE_RUN_SCRIPTS":""},"buildName":"projects/394188004542/locations/us-central1/builds/95fcf33b-922a-45c3-92d6-c71aa4136648","dockerRegistry":"ARTIFACT_REGISTRY","automaticUpdatePolicy":{}},{"name":"projects/drilllight/locations/us-central1/functions/ext-firestore-send-email-processQueue","description":"Processes document changes in the specified Cloud Firestore collection, delivers emails, and updates the document with delivery status information.","sourceArchiveUrl":"gs://firebase-mod-sources-prod/b5e6e7f4ad51b1500ebfc48bb034ba6b9814f5e4a0ee4de64b069357f0b8833c","eventTrigger":{"eventType":"providers/cloud.firestore/eventTypes/document.write","resource":"projects/drilllight/databases/(default)/documents/mail/{id}","service":"firestore.googleapis.com","failurePolicy":{}},"status":"ACTIVE","entryPoint":"processQueue","timeout":"60s","availableMemoryMb":256,"serviceAccountEmail":"ext-firestore-send-email@drilllight.iam.gserviceaccount.com","updateTime":"2022-08-17T08:54:14.869Z","versionId":"2","labels":{"firebase-extensions-ar":"enabled","goog-dm":"firebase-ext-firestore-send-email","goog-firebase-ext":"firestore-send-email","deployment-tool":"firebase-extensions","goog-firebase-ext-iid":"firestore-send-email"},"environmentVariables":{"DATABASE_INSTANCE":"drilllight-default-rtdb","DATABASE_URL":"https://drilllight-default-rtdb.europe-west1.firebasedatabase.app","DEFAULT_FROM":"noreply@drilllight.com","EXT_INSTANCE_ID":"firestore-send-email","FIREBASE_CONFIG":"{\"projectId\":\"drilllight\",\"databaseURL\":\"https://drilllight-default-rtdb.europe-west1.firebasedatabase.app\",\"storageBucket\":\"drilllight.appspot.com\"}","LOCATION":"us-central1","MAIL_COLLECTION":"mail","PROJECT_ID":"drilllight","SMTP_CONNECTION_URI":"smtp://apikey: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@smtp.sendgrid.net:587","STORAGE_BUCKET":"drilllight.appspot.com"},"runtime":"nodejs14","maxInstances":3000,"ingressSettings":"ALLOW_INTERNAL_ONLY","buildId":"d0eb509d-2d0e-4472-bee0-9840565ef0fd","secretEnvironmentVariables":[{"key":"SMTP_PASSWORD","projectId":"394188004542","secret":"firestore-send-email-SMTP_PASSWORD-q7bh","version":"7"}],"buildName":"projects/394188004542/locations/us-central1/builds/d0eb509d-2d0e-4472-bee0-9840565ef0fd","dockerRegistry":"CONTAINER_REGISTRY"}]}
[debug] [2023-12-07T10:52:21.646Z] >>> [apiv2][query] GET https://cloudfunctions.googleapis.com/v2/projects/drilllight/locations/-/functions filter=environment%3D%22GEN_2%22
[debug] [2023-12-07T10:52:22.643Z] <<< [apiv2][status] GET https://cloudfunctions.googleapis.com/v2/projects/drilllight/locations/-/functions 200
[debug] [2023-12-07T10:52:22.643Z] <<< [apiv2][body] GET https://cloudfunctions.googleapis.com/v2/projects/drilllight/locations/-/functions {}
[debug] [2023-12-07T10:52:22.647Z] >>> [apiv2][query] GET https://firebase.googleapis.com/v1beta1/projects/drilllight [none]
[debug] [2023-12-07T10:52:22.980Z] <<< [apiv2][status] GET https://firebase.googleapis.com/v1beta1/projects/drilllight 200
[debug] [2023-12-07T10:52:22.980Z] <<< [apiv2][body] GET https://firebase.googleapis.com/v1beta1/projects/drilllight {"projectId":"drilllight","projectNumber":"394188004542","displayName":"DRILLLIGHT","name":"projects/drilllight","resources":{"hostingSite":"drilllight","realtimeDatabaseInstance":"drilllight-default-rtdb","storageBucket":"drilllight.appspot.com","locationId":"europe-west"},"state":"ACTIVE","etag":"1_96a87d0e-7d2f-4f38-bfcc-e0294f0ecd7a"}
[debug] [2023-12-07T10:52:22.983Z] >>> [apiv2][query] POST https://cloudfunctions.googleapis.com/v1/projects/drilllight/locations/us-central1/functions:generateUploadUrl [none]
[debug] [2023-12-07T10:52:22.983Z] >>> [apiv2][body] POST https://cloudfunctions.googleapis.com/v1/projects/drilllight/locations/us-central1/functions:generateUploadUrl {}
[debug] [2023-12-07T10:52:23.462Z] <<< [apiv2][status] POST https://cloudfunctions.googleapis.com/v1/projects/drilllight/locations/us-central1/functions:generateUploadUrl 200
[debug] [2023-12-07T10:52:23.462Z] <<< [apiv2][body] POST https://cloudfunctions.googleapis.com/v1/projects/drilllight/locations/us-central1/functions:generateUploadUrl {"uploadUrl":"https://storage.googleapis.com/uploads-379928532172.us-central1.cloudfunctions.appspot.com/3177ece3-72b0-425f-9b04-949225deab5d.zip?GoogleAccessId=service-394188004542@gcf-admin-robot.iam.gserviceaccount.com&Expires=1701948144&Signature=JMf64nTtXardsVtjEwTjupZohNnfCT2cQv%2BrENsIKE8WqHVNSp3ZabSFbW76Cw%2BB1J9KNp7UA18S5DCIDNeOQChsBzxBm76drfsVIXPzpXh9ZNwPVbTUDBHv7Y%2BJ2eNVAOwvQwmXpY9oDpe5B2vT8wHVw297H25RK%2FxKQKkmJrQiCMY4EOF%2Fpm49Y30gHo5RZUmVjvJC894%2Fr1%2BgadqQ92rOctytd6Ay%2BfKQ%2BMTnBxHXmY2nSbVxoP1pbq86vvZ5WEgUwXHO5n%2FdcskyO8Qs72zf%2Fxyw8Rww%2FJh2ixBZsNcxRTsXbDOqHxAHTUQ77SsiMPC8AFBYYTcKsmGu8TdH0A%3D%3D"}
[debug] [2023-12-07T10:52:23.464Z] >>> [apiv2][query] PUT https://storage.googleapis.com/uploads-379928532172.us-central1.cloudfunctions.appspot.com/3177ece3-72b0-425f-9b04-949225deab5d.zip GoogleAccessId=service-394188004542%40gcf-admin-robot.iam.gserviceaccount.com&Expires=1701948144&Signature=JMf64nTtXardsVtjEwTjupZohNnfCT2cQv%2BrENsIKE8WqHVNSp3ZabSFbW76Cw%2BB1J9KNp7UA18S5DCIDNeOQChsBzxBm76drfsVIXPzpXh9ZNwPVbTUDBHv7Y%2BJ2eNVAOwvQwmXpY9oDpe5B2vT8wHVw297H25RK%2FxKQKkmJrQiCMY4EOF%2Fpm49Y30gHo5RZUmVjvJC894%2Fr1%2BgadqQ92rOctytd6Ay%2BfKQ%2BMTnBxHXmY2nSbVxoP1pbq86vvZ5WEgUwXHO5n%2FdcskyO8Qs72zf%2Fxyw8Rww%2FJh2ixBZsNcxRTsXbDOqHxAHTUQ77SsiMPC8AFBYYTcKsmGu8TdH0A%3D%3D
[debug] [2023-12-07T10:52:23.464Z] >>> [apiv2][body] PUT https://storage.googleapis.com/uploads-379928532172.us-central1.cloudfunctions.appspot.com/3177ece3-72b0-425f-9b04-949225deab5d.zip [stream]
[debug] [2023-12-07T10:52:24.010Z] <<< [apiv2][status] PUT https://storage.googleapis.com/uploads-379928532172.us-central1.cloudfunctions.appspot.com/3177ece3-72b0-425f-9b04-949225deab5d.zip 200
[debug] [2023-12-07T10:52:24.010Z] <<< [apiv2][body] PUT https://storage.googleapis.com/uploads-379928532172.us-central1.cloudfunctions.appspot.com/3177ece3-72b0-425f-9b04-949225deab5d.zip [omitted]
[info] +  functions: functions folder uploaded successfully 
[info] i  functions: updating Node.js 18 (1st Gen) function app(us-central1)... 
[debug] [2023-12-07T10:52:24.018Z] >>> [apiv2][query] PATCH https://cloudfunctions.googleapis.com/v1/projects/drilllight/locations/us-central1/functions/app updateMask=name%2CsourceUploadUrl%2CentryPoint%2Cruntime%2CdockerRegistry%2Clabels%2ChttpsTrigger.securityLevel%2CminInstances%2CmaxInstances%2CingressSettings%2CenvironmentVariables%2CserviceAccountEmail%2CavailableMemoryMb%2Ctimeout%2CvpcConnector%2CvpcConnectorEgressSettings%2CsourceToken%2CbuildEnvironmentVariables
[debug] [2023-12-07T10:52:24.019Z] >>> [apiv2][body] PATCH https://cloudfunctions.googleapis.com/v1/projects/drilllight/locations/us-central1/functions/app {"name":"projects/drilllight/locations/us-central1/functions/app","sourceUploadUrl":"https://storage.googleapis.com/uploads-379928532172.us-central1.cloudfunctions.appspot.com/3177ece3-72b0-425f-9b04-949225deab5d.zip?GoogleAccessId=service-394188004542@gcf-admin-robot.iam.gserviceaccount.com&Expires=1701948144&Signature=JMf64nTtXardsVtjEwTjupZohNnfCT2cQv%2BrENsIKE8WqHVNSp3ZabSFbW76Cw%2BB1J9KNp7UA18S5DCIDNeOQChsBzxBm76drfsVIXPzpXh9ZNwPVbTUDBHv7Y%2BJ2eNVAOwvQwmXpY9oDpe5B2vT8wHVw297H25RK%2FxKQKkmJrQiCMY4EOF%2Fpm49Y30gHo5RZUmVjvJC894%2Fr1%2BgadqQ92rOctytd6Ay%2BfKQ%2BMTnBxHXmY2nSbVxoP1pbq86vvZ5WEgUwXHO5n%2FdcskyO8Qs72zf%2Fxyw8Rww%2FJh2ixBZsNcxRTsXbDOqHxAHTUQ77SsiMPC8AFBYYTcKsmGu8TdH0A%3D%3D","entryPoint":"app","runtime":"nodejs18","dockerRegistry":"ARTIFACT_REGISTRY","labels":{"deployment-tool":"cli-firebase","firebase-functions-hash":"31c33eb2635474c4fe7a178750ef4ecfade562d6"},"httpsTrigger":{"securityLevel":"SECURE_ALWAYS"},"minInstances":null,"maxInstances":null,"ingressSettings":null,"environmentVariables":{"FIREBASE_CONFIG":"{\"projectId\":\"drilllight\",\"databaseURL\":\"https://drilllight-default-rtdb.europe-west1.firebasedatabase.app\",\"storageBucket\":\"drilllight.appspot.com\",\"locationId\":\"europe-west\"}","GCLOUD_PROJECT":"drilllight","EVENTARC_CLOUD_EVENT_SOURCE":"projects/drilllight/locations/us-central1/functions/app"},"serviceAccountEmail":null,"availableMemoryMb":null,"timeout":null,"vpcConnector":null,"vpcConnectorEgressSettings":null,"buildEnvironmentVariables":{"GOOGLE_NODE_RUN_SCRIPTS":""}}
[debug] [2023-12-07T10:52:24.615Z] <<< [apiv2][status] PATCH https://cloudfunctions.googleapis.com/v1/projects/drilllight/locations/us-central1/functions/app 200
[debug] [2023-12-07T10:52:24.615Z] <<< [apiv2][body] PATCH https://cloudfunctions.googleapis.com/v1/projects/drilllight/locations/us-central1/functions/app {"name":"operations/ZHJpbGxsaWdodC91cy1jZW50cmFsMS9hcHAvd1lHY3N0dlh0X0k","metadata":{"@type":"type.googleapis.com/google.cloud.functions.v1.OperationMetadataV1","target":"projects/drilllight/locations/us-central1/functions/app","type":"UPDATE_FUNCTION","request":{"@type":"type.googleapis.com/google.cloud.functions.v1.CloudFunction","name":"projects/drilllight/locations/us-central1/functions/app","httpsTrigger":{"url":"https://us-central1-drilllight.cloudfunctions.net/app","securityLevel":"SECURE_ALWAYS"},"status":"ACTIVE","entryPoint":"app","updateTime":"2023-12-07T09:53:36.648Z","versionId":"3","labels":{"deployment-tool":"cli-firebase","firebase-functions-hash":"31c33eb2635474c4fe7a178750ef4ecfade562d6"},"sourceUploadUrl":"https://storage.googleapis.com/uploads-379928532172.us-central1.cloudfunctions.appspot.com/3177ece3-72b0-425f-9b04-949225deab5d.zip?GoogleAccessId=service-394188004542@gcf-admin-robot.iam.gserviceaccount.com&Expires=1701948144&Signature=JMf64nTtXardsVtjEwTjupZohNnfCT2cQv%2BrENsIKE8WqHVNSp3ZabSFbW76Cw%2BB1J9KNp7UA18S5DCIDNeOQChsBzxBm76drfsVIXPzpXh9ZNwPVbTUDBHv7Y%2BJ2eNVAOwvQwmXpY9oDpe5B2vT8wHVw297H25RK%2FxKQKkmJrQiCMY4EOF%2Fpm49Y30gHo5RZUmVjvJC894%2Fr1%2BgadqQ92rOctytd6Ay%2BfKQ%2BMTnBxHXmY2nSbVxoP1pbq86vvZ5WEgUwXHO5n%2FdcskyO8Qs72zf%2Fxyw8Rww%2FJh2ixBZsNcxRTsXbDOqHxAHTUQ77SsiMPC8AFBYYTcKsmGu8TdH0A%3D%3D","environmentVariables":{"FIREBASE_CONFIG":"{\"projectId\":\"drilllight\",\"databaseURL\":\"https://drilllight-default-rtdb.europe-west1.firebasedatabase.app\",\"storageBucket\":\"drilllight.appspot.com\",\"locationId\":\"europe-west\"}","GCLOUD_PROJECT":"drilllight","EVENTARC_CLOUD_EVENT_SOURCE":"projects/drilllight/locations/us-central1/functions/app"},"runtime":"nodejs18","buildId":"95fcf33b-922a-45c3-92d6-c71aa4136648","buildEnvironmentVariables":{"GOOGLE_NODE_RUN_SCRIPTS":""},"buildName":"projects/394188004542/locations/us-central1/builds/95fcf33b-922a-45c3-92d6-c71aa4136648","dockerRegistry":"ARTIFACT_REGISTRY","automaticUpdatePolicy":{}},"versionId":"4","updateTime":"2023-12-07T10:52:25Z"}}
[debug] [2023-12-07T10:52:24.615Z] >>> [apiv2][query] GET https://cloudfunctions.googleapis.com/v1/operations/ZHJpbGxsaWdodC91cy1jZW50cmFsMS9hcHAvd1lHY3N0dlh0X0k [none]
[debug] [2023-12-07T10:52:24.839Z] <<< [apiv2][status] GET https://cloudfunctions.googleapis.com/v1/operations/ZHJpbGxsaWdodC91cy1jZW50cmFsMS9hcHAvd1lHY3N0dlh0X0k 200
[debug] [2023-12-07T10:52:24.839Z] <<< [apiv2][body] GET https://cloudfunctions.googleapis.com/v1/operations/ZHJpbGxsaWdodC91cy1jZW50cmFsMS9hcHAvd1lHY3N0dlh0X0k {"name":"operations/ZHJpbGxsaWdodC91cy1jZW50cmFsMS9hcHAvd1lHY3N0dlh0X0k","metadata":{"@type":"type.googleapis.com/google.cloud.functions.v1.OperationMetadataV1","target":"projects/drilllight/locations/us-central1/functions/app","type":"UPDATE_FUNCTION","request":{"@type":"type.googleapis.com/google.cloud.functions.v1.CloudFunction","name":"projects/drilllight/locations/us-central1/functions/app","httpsTrigger":{"url":"https://us-central1-drilllight.cloudfunctions.net/app","securityLevel":"SECURE_ALWAYS"},"status":"ACTIVE","entryPoint":"app","updateTime":"2023-12-07T09:53:36.648Z","versionId":"3","labels":{"deployment-tool":"cli-firebase","firebase-functions-hash":"31c33eb2635474c4fe7a178750ef4ecfade562d6"},"sourceUploadUrl":"https://storage.googleapis.com/uploads-379928532172.us-central1.cloudfunctions.appspot.com/3177ece3-72b0-425f-9b04-949225deab5d.zip?GoogleAccessId=service-394188004542@gcf-admin-robot.iam.gserviceaccount.com&Expires=1701948144&Signature=JMf64nTtXardsVtjEwTjupZohNnfCT2cQv%2BrENsIKE8WqHVNSp3ZabSFbW76Cw%2BB1J9KNp7UA18S5DCIDNeOQChsBzxBm76drfsVIXPzpXh9ZNwPVbTUDBHv7Y%2BJ2eNVAOwvQwmXpY9oDpe5B2vT8wHVw297H25RK%2FxKQKkmJrQiCMY4EOF%2Fpm49Y30gHo5RZUmVjvJC894%2Fr1%2BgadqQ92rOctytd6Ay%2BfKQ%2BMTnBxHXmY2nSbVxoP1pbq86vvZ5WEgUwXHO5n%2FdcskyO8Qs72zf%2Fxyw8Rww%2FJh2ixBZsNcxRTsXbDOqHxAHTUQ77SsiMPC8AFBYYTcKsmGu8TdH0A%3D%3D","environmentVariables":{"FIREBASE_CONFIG":"{\"projectId\":\"drilllight\",\"databaseURL\":\"https://drilllight-default-rtdb.europe-west1.firebasedatabase.app\",\"storageBucket\":\"drilllight.appspot.com\",\"locationId\":\"europe-west\"}","GCLOUD_PROJECT":"drilllight","EVENTARC_CLOUD_EVENT_SOURCE":"projects/drilllight/locations/us-central1/functions/app"},"runtime":"nodejs18","buildId":"95fcf33b-922a-45c3-92d6-c71aa4136648","buildEnvironmentVariables":{"GOOGLE_NODE_RUN_SCRIPTS":""},"buildName":"projects/394188004542/locations/us-central1/builds/95fcf33b-922a-45c3-92d6-c71aa4136648","dockerRegistry":"ARTIFACT_REGISTRY","automaticUpdatePolicy":{}},"versionId":"4","updateTime":"2023-12-07T10:52:25Z"}}
[debug] [2023-12-07T10:52:25.344Z] [update-default-us-central1-app] Retrying task index 0
[debug] [2023-12-07T10:52:25.344Z] >>> [apiv2][query] GET https://cloudfunctions.googleapis.com/v1/operations/ZHJpbGxsaWdodC91cy1jZW50cmFsMS9hcHAvd1lHY3N0dlh0X0k [none]
[debug] [2023-12-07T10:52:25.553Z] <<< [apiv2][status] GET https://cloudfunctions.googleapis.com/v1/operations/ZHJpbGxsaWdodC91cy1jZW50cmFsMS9hcHAvd1lHY3N0dlh0X0k 200
[debug] [2023-12-07T10:52:25.553Z] <<< [apiv2][body] GET https://cloudfunctions.googleapis.com/v1/operations/ZHJpbGxsaWdodC91cy1jZW50cmFsMS9hcHAvd1lHY3N0dlh0X0k {"name":"operations/ZHJpbGxsaWdodC91cy1jZW50cmFsMS9hcHAvd1lHY3N0dlh0X0k","metadata":{"@type":"type.googleapis.com/google.cloud.functions.v1.OperationMetadataV1","target":"projects/drilllight/locations/us-central1/functions/app","type":"UPDATE_FUNCTION","request":{"@type":"type.googleapis.com/google.cloud.functions.v1.CloudFunction","name":"projects/drilllight/locations/us-central1/functions/app","httpsTrigger":{"url":"https://us-central1-drilllight.cloudfunctions.net/app","securityLevel":"SECURE_ALWAYS"},"status":"ACTIVE","entryPoint":"app","updateTime":"2023-12-07T09:53:36.648Z","versionId":"3","labels":{"deployment-tool":"cli-firebase","firebase-functions-hash":"31c33eb2635474c4fe7a178750ef4ecfade562d6"},"sourceUploadUrl":"https://storage.googleapis.com/uploads-379928532172.us-central1.cloudfunctions.appspot.com/3177ece3-72b0-425f-9b04-949225deab5d.zip?GoogleAccessId=service-394188004542@gcf-admin-robot.iam.gserviceaccount.com&Expires=1701948144&Signature=JMf64nTtXardsVtjEwTjupZohNnfCT2cQv%2BrENsIKE8WqHVNSp3ZabSFbW76Cw%2BB1J9KNp7UA18S5DCIDNeOQChsBzxBm76drfsVIXPzpXh9ZNwPVbTUDBHv7Y%2BJ2eNVAOwvQwmXpY9oDpe5B2vT8wHVw297H25RK%2FxKQKkmJrQiCMY4EOF%2Fpm49Y30gHo5RZUmVjvJC894%2Fr1%2BgadqQ92rOctytd6Ay%2BfKQ%2BMTnBxHXmY2nSbVxoP1pbq86vvZ5WEgUwXHO5n%2FdcskyO8Qs72zf%2Fxyw8Rww%2FJh2ixBZsNcxRTsXbDOqHxAHTUQ77SsiMPC8AFBYYTcKsmGu8TdH0A%3D%3D","environmentVariables":{"FIREBASE_CONFIG":"{\"projectId\":\"drilllight\",\"databaseURL\":\"https://drilllight-default-rtdb.europe-west1.firebasedatabase.app\",\"storageBucket\":\"drilllight.appspot.com\",\"locationId\":\"europe-west\"}","GCLOUD_PROJECT":"drilllight","EVENTARC_CLOUD_EVENT_SOURCE":"projects/drilllight/locations/us-central1/functions/app"},"runtime":"nodejs18","buildId":"95fcf33b-922a-45c3-92d6-c71aa4136648","buildEnvironmentVariables":{"GOOGLE_NODE_RUN_SCRIPTS":""},"buildName":"projects/394188004542/locations/us-central1/builds/95fcf33b-922a-45c3-92d6-c71aa4136648","dockerRegistry":"ARTIFACT_REGISTRY","automaticUpdatePolicy":{}},"versionId":"4","updateTime":"2023-12-07T10:52:25Z","buildId":"739f9424-8161-4f44-a48f-000bb059e07d","buildName":"projects/394188004542/locations/us-central1/builds/739f9424-8161-4f44-a48f-000bb059e07d"}}
[debug] [2023-12-07T10:52:26.565Z] [update-default-us-central1-app] Retrying task index 0
[debug] [2023-12-07T10:52:26.565Z] >>> [apiv2][query] GET https://cloudfunctions.googleapis.com/v1/operations/ZHJpbGxsaWdodC91cy1jZW50cmFsMS9hcHAvd1lHY3N0dlh0X0k [none]
[debug] [2023-12-07T10:52:26.777Z] <<< [apiv2][status] GET https://cloudfunctions.googleapis.com/v1/operations/ZHJpbGxsaWdodC91cy1jZW50cmFsMS9hcHAvd1lHY3N0dlh0X0k 200
[debug] [2023-12-07T10:52:26.777Z] <<< [apiv2][body] GET https://cloudfunctions.googleapis.com/v1/operations/ZHJpbGxsaWdodC91cy1jZW50cmFsMS9hcHAvd1lHY3N0dlh0X0k {"name":"operations/ZHJpbGxsaWdodC91cy1jZW50cmFsMS9hcHAvd1lHY3N0dlh0X0k","metadata":{"@type":"type.googleapis.com/google.cloud.functions.v1.OperationMetadataV1","target":"projects/drilllight/locations/us-central1/functions/app","type":"UPDATE_FUNCTION","request":{"@type":"type.googleapis.com/google.cloud.functions.v1.CloudFunction","name":"projects/drilllight/locations/us-central1/functions/app","httpsTrigger":{"url":"https://us-central1-drilllight.cloudfunctions.net/app","securityLevel":"SECURE_ALWAYS"},"status":"ACTIVE","entryPoint":"app","updateTime":"2023-12-07T09:53:36.648Z","versionId":"3","labels":{"deployment-tool":"cli-firebase","firebase-functions-hash":"31c33eb2635474c4fe7a178750ef4ecfade562d6"},"sourceUploadUrl":"https://storage.googleapis.com/uploads-379928532172.us-central1.cloudfunctions.appspot.com/3177ece3-72b0-425f-9b04-949225deab5d.zip?GoogleAccessId=service-394188004542@gcf-admin-robot.iam.gserviceaccount.com&Expires=1701948144&Signature=JMf64nTtXardsVtjEwTjupZohNnfCT2cQv%2BrENsIKE8WqHVNSp3ZabSFbW76Cw%2BB1J9KNp7UA18S5DCIDNeOQChsBzxBm76drfsVIXPzpXh9ZNwPVbTUDBHv7Y%2BJ2eNVAOwvQwmXpY9oDpe5B2vT8wHVw297H25RK%2FxKQKkmJrQiCMY4EOF%2Fpm49Y30gHo5RZUmVjvJC894%2Fr1%2BgadqQ92rOctytd6Ay%2BfKQ%2BMTnBxHXmY2nSbVxoP1pbq86vvZ5WEgUwXHO5n%2FdcskyO8Qs72zf%2Fxyw8Rww%2FJh2ixBZsNcxRTsXbDOqHxAHTUQ77SsiMPC8AFBYYTcKsmGu8TdH0A%3D%3D","environmentVariables":{"FIREBASE_CONFIG":"{\"projectId\":\"drilllight\",\"databaseURL\":\"https://drilllight-default-rtdb.europe-west1.firebasedatabase.app\",\"storageBucket\":\"drilllight.appspot.com\",\"locationId\":\"europe-west\"}","GCLOUD_PROJECT":"drilllight","EVENTARC_CLOUD_EVENT_SOURCE":"projects/drilllight/locations/us-central1/functions/app"},"runtime":"nodejs18","buildId":"95fcf33b-922a-45c3-92d6-c71aa4136648","buildEnvironmentVariables":{"GOOGLE_NODE_RUN_SCRIPTS":""},"buildName":"projects/394188004542/locations/us-central1/builds/95fcf33b-922a-45c3-92d6-c71aa4136648","dockerRegistry":"ARTIFACT_REGISTRY","automaticUpdatePolicy":{}},"versionId":"4","updateTime":"2023-12-07T10:52:25Z","buildId":"739f9424-8161-4f44-a48f-000bb059e07d","buildName":"projects/394188004542/locations/us-central1/builds/739f9424-8161-4f44-a48f-000bb059e07d"}}
[debug] [2023-12-07T10:52:28.792Z] [update-default-us-central1-app] Retrying task index 0
[debug] [2023-12-07T10:52:28.794Z] >>> [apiv2][query] GET https://cloudfunctions.googleapis.com/v1/operations/ZHJpbGxsaWdodC91cy1jZW50cmFsMS9hcHAvd1lHY3N0dlh0X0k [none]
[debug] [2023-12-07T10:52:28.993Z] <<< [apiv2][status] GET https://cloudfunctions.googleapis.com/v1/operations/ZHJpbGxsaWdodC91cy1jZW50cmFsMS9hcHAvd1lHY3N0dlh0X0k 200
[debug] [2023-12-07T10:52:28.994Z] <<< [apiv2][body] GET https://cloudfunctions.googleapis.com/v1/operations/ZHJpbGxsaWdodC91cy1jZW50cmFsMS9hcHAvd1lHY3N0dlh0X0k {"name":"operations/ZHJpbGxsaWdodC91cy1jZW50cmFsMS9hcHAvd1lHY3N0dlh0X0k","metadata":{"@type":"type.googleapis.com/google.cloud.functions.v1.OperationMetadataV1","target":"projects/drilllight/locations/us-central1/functions/app","type":"UPDATE_FUNCTION","request":{"@type":"type.googleapis.com/google.cloud.functions.v1.CloudFunction","name":"projects/drilllight/locations/us-central1/functions/app","httpsTrigger":{"url":"https://us-central1-drilllight.cloudfunctions.net/app","securityLevel":"SECURE_ALWAYS"},"status":"ACTIVE","entryPoint":"app","updateTime":"2023-12-07T09:53:36.648Z","versionId":"3","labels":{"deployment-tool":"cli-firebase","firebase-functions-hash":"31c33eb2635474c4fe7a178750ef4ecfade562d6"},"sourceUploadUrl":"https://storage.googleapis.com/uploads-379928532172.us-central1.cloudfunctions.appspot.com/3177ece3-72b0-425f-9b04-949225deab5d.zip?GoogleAccessId=service-394188004542@gcf-admin-robot.iam.gserviceaccount.com&Expires=1701948144&Signature=JMf64nTtXardsVtjEwTjupZohNnfCT2cQv%2BrENsIKE8WqHVNSp3ZabSFbW76Cw%2BB1J9KNp7UA18S5DCIDNeOQChsBzxBm76drfsVIXPzpXh9ZNwPVbTUDBHv7Y%2BJ2eNVAOwvQwmXpY9oDpe5B2vT8wHVw297H25RK%2FxKQKkmJrQiCMY4EOF%2Fpm49Y30gHo5RZUmVjvJC894%2Fr1%2BgadqQ92rOctytd6Ay%2BfKQ%2BMTnBxHXmY2nSbVxoP1pbq86vvZ5WEgUwXHO5n%2FdcskyO8Qs72zf%2Fxyw8Rww%2FJh2ixBZsNcxRTsXbDOqHxAHTUQ77SsiMPC8AFBYYTcKsmGu8TdH0A%3D%3D","environmentVariables":{"FIREBASE_CONFIG":"{\"projectId\":\"drilllight\",\"databaseURL\":\"https://drilllight-default-rtdb.europe-west1.firebasedatabase.app\",\"storageBucket\":\"drilllight.appspot.com\",\"locationId\":\"europe-west\"}","GCLOUD_PROJECT":"drilllight","EVENTARC_CLOUD_EVENT_SOURCE":"projects/drilllight/locations/us-central1/functions/app"},"runtime":"nodejs18","buildId":"95fcf33b-922a-45c3-92d6-c71aa4136648","buildEnvironmentVariables":{"GOOGLE_NODE_RUN_SCRIPTS":""},"buildName":"projects/394188004542/locations/us-central1/builds/95fcf33b-922a-45c3-92d6-c71aa4136648","dockerRegistry":"ARTIFACT_REGISTRY","automaticUpdatePolicy":{}},"versionId":"4","updateTime":"2023-12-07T10:52:25Z","buildId":"739f9424-8161-4f44-a48f-000bb059e07d","buildName":"projects/394188004542/locations/us-central1/builds/739f9424-8161-4f44-a48f-000bb059e07d"}}
[debug] [2023-12-07T10:52:33.000Z] [update-default-us-central1-app] Retrying task index 0
[debug] [2023-12-07T10:52:33.001Z] >>> [apiv2][query] GET https://cloudfunctions.googleapis.com/v1/operations/ZHJpbGxsaWdodC91cy1jZW50cmFsMS9hcHAvd1lHY3N0dlh0X0k [none]
[debug] [2023-12-07T10:52:33.289Z] <<< [apiv2][status] GET https://cloudfunctions.googleapis.com/v1/operations/ZHJpbGxsaWdodC91cy1jZW50cmFsMS9hcHAvd1lHY3N0dlh0X0k 200
[debug] [2023-12-07T10:52:33.289Z] <<< [apiv2][body] GET https://cloudfunctions.googleapis.com/v1/operations/ZHJpbGxsaWdodC91cy1jZW50cmFsMS9hcHAvd1lHY3N0dlh0X0k {"name":"operations/ZHJpbGxsaWdodC91cy1jZW50cmFsMS9hcHAvd1lHY3N0dlh0X0k","metadata":{"@type":"type.googleapis.com/google.cloud.functions.v1.OperationMetadataV1","target":"projects/drilllight/locations/us-central1/functions/app","type":"UPDATE_FUNCTION","request":{"@type":"type.googleapis.com/google.cloud.functions.v1.CloudFunction","name":"projects/drilllight/locations/us-central1/functions/app","httpsTrigger":{"url":"https://us-central1-drilllight.cloudfunctions.net/app","securityLevel":"SECURE_ALWAYS"},"status":"ACTIVE","entryPoint":"app","updateTime":"2023-12-07T09:53:36.648Z","versionId":"3","labels":{"deployment-tool":"cli-firebase","firebase-functions-hash":"31c33eb2635474c4fe7a178750ef4ecfade562d6"},"sourceUploadUrl":"https://storage.googleapis.com/uploads-379928532172.us-central1.cloudfunctions.appspot.com/3177ece3-72b0-425f-9b04-949225deab5d.zip?GoogleAccessId=service-394188004542@gcf-admin-robot.iam.gserviceaccount.com&Expires=1701948144&Signature=JMf64nTtXardsVtjEwTjupZohNnfCT2cQv%2BrENsIKE8WqHVNSp3ZabSFbW76Cw%2BB1J9KNp7UA18S5DCIDNeOQChsBzxBm76drfsVIXPzpXh9ZNwPVbTUDBHv7Y%2BJ2eNVAOwvQwmXpY9oDpe5B2vT8wHVw297H25RK%2FxKQKkmJrQiCMY4EOF%2Fpm49Y30gHo5RZUmVjvJC894%2Fr1%2BgadqQ92rOctytd6Ay%2BfKQ%2BMTnBxHXmY2nSbVxoP1pbq86vvZ5WEgUwXHO5n%2FdcskyO8Qs72zf%2Fxyw8Rww%2FJh2ixBZsNcxRTsXbDOqHxAHTUQ77SsiMPC8AFBYYTcKsmGu8TdH0A%3D%3D","environmentVariables":{"FIREBASE_CONFIG":"{\"projectId\":\"drilllight\",\"databaseURL\":\"https://drilllight-default-rtdb.europe-west1.firebasedatabase.app\",\"storageBucket\":\"drilllight.appspot.com\",\"locationId\":\"europe-west\"}","GCLOUD_PROJECT":"drilllight","EVENTARC_CLOUD_EVENT_SOURCE":"projects/drilllight/locations/us-central1/functions/app"},"runtime":"nodejs18","buildId":"95fcf33b-922a-45c3-92d6-c71aa4136648","buildEnvironmentVariables":{"GOOGLE_NODE_RUN_SCRIPTS":""},"buildName":"projects/394188004542/locations/us-central1/builds/95fcf33b-922a-45c3-92d6-c71aa4136648","dockerRegistry":"ARTIFACT_REGISTRY","automaticUpdatePolicy":{}},"versionId":"4","updateTime":"2023-12-07T10:52:25Z","buildId":"739f9424-8161-4f44-a48f-000bb059e07d","buildName":"projects/394188004542/locations/us-central1/builds/739f9424-8161-4f44-a48f-000bb059e07d"}}
[debug] [2023-12-07T10:52:41.304Z] [update-default-us-central1-app] Retrying task index 0
[debug] [2023-12-07T10:52:41.305Z] >>> [apiv2][query] GET https://cloudfunctions.googleapis.com/v1/operations/ZHJpbGxsaWdodC91cy1jZW50cmFsMS9hcHAvd1lHY3N0dlh0X0k [none]
[debug] [2023-12-07T10:52:41.512Z] <<< [apiv2][status] GET https://cloudfunctions.googleapis.com/v1/operations/ZHJpbGxsaWdodC91cy1jZW50cmFsMS9hcHAvd1lHY3N0dlh0X0k 200
[debug] [2023-12-07T10:52:41.512Z] <<< [apiv2][body] GET https://cloudfunctions.googleapis.com/v1/operations/ZHJpbGxsaWdodC91cy1jZW50cmFsMS9hcHAvd1lHY3N0dlh0X0k {"name":"operations/ZHJpbGxsaWdodC91cy1jZW50cmFsMS9hcHAvd1lHY3N0dlh0X0k","metadata":{"@type":"type.googleapis.com/google.cloud.functions.v1.OperationMetadataV1","target":"projects/drilllight/locations/us-central1/functions/app","type":"UPDATE_FUNCTION","request":{"@type":"type.googleapis.com/google.cloud.functions.v1.CloudFunction","name":"projects/drilllight/locations/us-central1/functions/app","httpsTrigger":{"url":"https://us-central1-drilllight.cloudfunctions.net/app","securityLevel":"SECURE_ALWAYS"},"status":"ACTIVE","entryPoint":"app","updateTime":"2023-12-07T09:53:36.648Z","versionId":"3","labels":{"deployment-tool":"cli-firebase","firebase-functions-hash":"31c33eb2635474c4fe7a178750ef4ecfade562d6"},"sourceUploadUrl":"https://storage.googleapis.com/uploads-379928532172.us-central1.cloudfunctions.appspot.com/3177ece3-72b0-425f-9b04-949225deab5d.zip?GoogleAccessId=service-394188004542@gcf-admin-robot.iam.gserviceaccount.com&Expires=1701948144&Signature=JMf64nTtXardsVtjEwTjupZohNnfCT2cQv%2BrENsIKE8WqHVNSp3ZabSFbW76Cw%2BB1J9KNp7UA18S5DCIDNeOQChsBzxBm76drfsVIXPzpXh9ZNwPVbTUDBHv7Y%2BJ2eNVAOwvQwmXpY9oDpe5B2vT8wHVw297H25RK%2FxKQKkmJrQiCMY4EOF%2Fpm49Y30gHo5RZUmVjvJC894%2Fr1%2BgadqQ92rOctytd6Ay%2BfKQ%2BMTnBxHXmY2nSbVxoP1pbq86vvZ5WEgUwXHO5n%2FdcskyO8Qs72zf%2Fxyw8Rww%2FJh2ixBZsNcxRTsXbDOqHxAHTUQ77SsiMPC8AFBYYTcKsmGu8TdH0A%3D%3D","environmentVariables":{"FIREBASE_CONFIG":"{\"projectId\":\"drilllight\",\"databaseURL\":\"https://drilllight-default-rtdb.europe-west1.firebasedatabase.app\",\"storageBucket\":\"drilllight.appspot.com\",\"locationId\":\"europe-west\"}","GCLOUD_PROJECT":"drilllight","EVENTARC_CLOUD_EVENT_SOURCE":"projects/drilllight/locations/us-central1/functions/app"},"runtime":"nodejs18","buildId":"95fcf33b-922a-45c3-92d6-c71aa4136648","buildEnvironmentVariables":{"GOOGLE_NODE_RUN_SCRIPTS":""},"buildName":"projects/394188004542/locations/us-central1/builds/95fcf33b-922a-45c3-92d6-c71aa4136648","dockerRegistry":"ARTIFACT_REGISTRY","automaticUpdatePolicy":{}},"versionId":"4","updateTime":"2023-12-07T10:52:25Z","buildId":"739f9424-8161-4f44-a48f-000bb059e07d","buildName":"projects/394188004542/locations/us-central1/builds/739f9424-8161-4f44-a48f-000bb059e07d"}}
[debug] [2023-12-07T10:52:51.514Z] [update-default-us-central1-app] Retrying task index 0
[debug] [2023-12-07T10:52:51.515Z] >>> [apiv2][query] GET https://cloudfunctions.googleapis.com/v1/operations/ZHJpbGxsaWdodC91cy1jZW50cmFsMS9hcHAvd1lHY3N0dlh0X0k [none]
[debug] [2023-12-07T10:52:51.728Z] <<< [apiv2][status] GET https://cloudfunctions.googleapis.com/v1/operations/ZHJpbGxsaWdodC91cy1jZW50cmFsMS9hcHAvd1lHY3N0dlh0X0k 200
[debug] [2023-12-07T10:52:51.728Z] <<< [apiv2][body] GET https://cloudfunctions.googleapis.com/v1/operations/ZHJpbGxsaWdodC91cy1jZW50cmFsMS9hcHAvd1lHY3N0dlh0X0k {"name":"operations/ZHJpbGxsaWdodC91cy1jZW50cmFsMS9hcHAvd1lHY3N0dlh0X0k","metadata":{"@type":"type.googleapis.com/google.cloud.functions.v1.OperationMetadataV1","target":"projects/drilllight/locations/us-central1/functions/app","type":"UPDATE_FUNCTION","request":{"@type":"type.googleapis.com/google.cloud.functions.v1.CloudFunction","name":"projects/drilllight/locations/us-central1/functions/app","httpsTrigger":{"url":"https://us-central1-drilllight.cloudfunctions.net/app","securityLevel":"SECURE_ALWAYS"},"status":"ACTIVE","entryPoint":"app","updateTime":"2023-12-07T09:53:36.648Z","versionId":"3","labels":{"deployment-tool":"cli-firebase","firebase-functions-hash":"31c33eb2635474c4fe7a178750ef4ecfade562d6"},"sourceUploadUrl":"https://storage.googleapis.com/uploads-379928532172.us-central1.cloudfunctions.appspot.com/3177ece3-72b0-425f-9b04-949225deab5d.zip?GoogleAccessId=service-394188004542@gcf-admin-robot.iam.gserviceaccount.com&Expires=1701948144&Signature=JMf64nTtXardsVtjEwTjupZohNnfCT2cQv%2BrENsIKE8WqHVNSp3ZabSFbW76Cw%2BB1J9KNp7UA18S5DCIDNeOQChsBzxBm76drfsVIXPzpXh9ZNwPVbTUDBHv7Y%2BJ2eNVAOwvQwmXpY9oDpe5B2vT8wHVw297H25RK%2FxKQKkmJrQiCMY4EOF%2Fpm49Y30gHo5RZUmVjvJC894%2Fr1%2BgadqQ92rOctytd6Ay%2BfKQ%2BMTnBxHXmY2nSbVxoP1pbq86vvZ5WEgUwXHO5n%2FdcskyO8Qs72zf%2Fxyw8Rww%2FJh2ixBZsNcxRTsXbDOqHxAHTUQ77SsiMPC8AFBYYTcKsmGu8TdH0A%3D%3D","environmentVariables":{"FIREBASE_CONFIG":"{\"projectId\":\"drilllight\",\"databaseURL\":\"https://drilllight-default-rtdb.europe-west1.firebasedatabase.app\",\"storageBucket\":\"drilllight.appspot.com\",\"locationId\":\"europe-west\"}","GCLOUD_PROJECT":"drilllight","EVENTARC_CLOUD_EVENT_SOURCE":"projects/drilllight/locations/us-central1/functions/app"},"runtime":"nodejs18","buildId":"95fcf33b-922a-45c3-92d6-c71aa4136648","buildEnvironmentVariables":{"GOOGLE_NODE_RUN_SCRIPTS":""},"buildName":"projects/394188004542/locations/us-central1/builds/95fcf33b-922a-45c3-92d6-c71aa4136648","dockerRegistry":"ARTIFACT_REGISTRY","automaticUpdatePolicy":{}},"versionId":"4","updateTime":"2023-12-07T10:52:25Z","buildId":"739f9424-8161-4f44-a48f-000bb059e07d","buildName":"projects/394188004542/locations/us-central1/builds/739f9424-8161-4f44-a48f-000bb059e07d"}}
[debug] [2023-12-07T10:53:01.735Z] [update-default-us-central1-app] Retrying task index 0
[debug] [2023-12-07T10:53:01.736Z] >>> [apiv2][query] GET https://cloudfunctions.googleapis.com/v1/operations/ZHJpbGxsaWdodC91cy1jZW50cmFsMS9hcHAvd1lHY3N0dlh0X0k [none]
[debug] [2023-12-07T10:53:01.929Z] <<< [apiv2][status] GET https://cloudfunctions.googleapis.com/v1/operations/ZHJpbGxsaWdodC91cy1jZW50cmFsMS9hcHAvd1lHY3N0dlh0X0k 200
[debug] [2023-12-07T10:53:01.929Z] <<< [apiv2][body] GET https://cloudfunctions.googleapis.com/v1/operations/ZHJpbGxsaWdodC91cy1jZW50cmFsMS9hcHAvd1lHY3N0dlh0X0k {"name":"operations/ZHJpbGxsaWdodC91cy1jZW50cmFsMS9hcHAvd1lHY3N0dlh0X0k","metadata":{"@type":"type.googleapis.com/google.cloud.functions.v1.OperationMetadataV1","target":"projects/drilllight/locations/us-central1/functions/app","type":"UPDATE_FUNCTION","request":{"@type":"type.googleapis.com/google.cloud.functions.v1.CloudFunction","name":"projects/drilllight/locations/us-central1/functions/app","httpsTrigger":{"url":"https://us-central1-drilllight.cloudfunctions.net/app","securityLevel":"SECURE_ALWAYS"},"status":"ACTIVE","entryPoint":"app","updateTime":"2023-12-07T09:53:36.648Z","versionId":"3","labels":{"deployment-tool":"cli-firebase","firebase-functions-hash":"31c33eb2635474c4fe7a178750ef4ecfade562d6"},"sourceUploadUrl":"https://storage.googleapis.com/uploads-379928532172.us-central1.cloudfunctions.appspot.com/3177ece3-72b0-425f-9b04-949225deab5d.zip?GoogleAccessId=service-394188004542@gcf-admin-robot.iam.gserviceaccount.com&Expires=1701948144&Signature=JMf64nTtXardsVtjEwTjupZohNnfCT2cQv%2BrENsIKE8WqHVNSp3ZabSFbW76Cw%2BB1J9KNp7UA18S5DCIDNeOQChsBzxBm76drfsVIXPzpXh9ZNwPVbTUDBHv7Y%2BJ2eNVAOwvQwmXpY9oDpe5B2vT8wHVw297H25RK%2FxKQKkmJrQiCMY4EOF%2Fpm49Y30gHo5RZUmVjvJC894%2Fr1%2BgadqQ92rOctytd6Ay%2BfKQ%2BMTnBxHXmY2nSbVxoP1pbq86vvZ5WEgUwXHO5n%2FdcskyO8Qs72zf%2Fxyw8Rww%2FJh2ixBZsNcxRTsXbDOqHxAHTUQ77SsiMPC8AFBYYTcKsmGu8TdH0A%3D%3D","environmentVariables":{"FIREBASE_CONFIG":"{\"projectId\":\"drilllight\",\"databaseURL\":\"https://drilllight-default-rtdb.europe-west1.firebasedatabase.app\",\"storageBucket\":\"drilllight.appspot.com\",\"locationId\":\"europe-west\"}","GCLOUD_PROJECT":"drilllight","EVENTARC_CLOUD_EVENT_SOURCE":"projects/drilllight/locations/us-central1/functions/app"},"runtime":"nodejs18","buildId":"95fcf33b-922a-45c3-92d6-c71aa4136648","buildEnvironmentVariables":{"GOOGLE_NODE_RUN_SCRIPTS":""},"buildName":"projects/394188004542/locations/us-central1/builds/95fcf33b-922a-45c3-92d6-c71aa4136648","dockerRegistry":"ARTIFACT_REGISTRY","automaticUpdatePolicy":{}},"versionId":"4","updateTime":"2023-12-07T10:52:25Z","buildId":"739f9424-8161-4f44-a48f-000bb059e07d","buildName":"projects/394188004542/locations/us-central1/builds/739f9424-8161-4f44-a48f-000bb059e07d"}}
[debug] [2023-12-07T10:53:11.933Z] [update-default-us-central1-app] Retrying task index 0
[debug] [2023-12-07T10:53:11.933Z] >>> [apiv2][query] GET https://cloudfunctions.googleapis.com/v1/operations/ZHJpbGxsaWdodC91cy1jZW50cmFsMS9hcHAvd1lHY3N0dlh0X0k [none]
[debug] [2023-12-07T10:53:12.201Z] <<< [apiv2][status] GET https://cloudfunctions.googleapis.com/v1/operations/ZHJpbGxsaWdodC91cy1jZW50cmFsMS9hcHAvd1lHY3N0dlh0X0k 200
[debug] [2023-12-07T10:53:12.201Z] <<< [apiv2][body] GET https://cloudfunctions.googleapis.com/v1/operations/ZHJpbGxsaWdodC91cy1jZW50cmFsMS9hcHAvd1lHY3N0dlh0X0k {"name":"operations/ZHJpbGxsaWdodC91cy1jZW50cmFsMS9hcHAvd1lHY3N0dlh0X0k","metadata":{"@type":"type.googleapis.com/google.cloud.functions.v1.OperationMetadataV1","target":"projects/drilllight/locations/us-central1/functions/app","type":"UPDATE_FUNCTION","request":{"@type":"type.googleapis.com/google.cloud.functions.v1.CloudFunction","name":"projects/drilllight/locations/us-central1/functions/app","httpsTrigger":{"url":"https://us-central1-drilllight.cloudfunctions.net/app","securityLevel":"SECURE_ALWAYS"},"status":"ACTIVE","entryPoint":"app","updateTime":"2023-12-07T09:53:36.648Z","versionId":"3","labels":{"deployment-tool":"cli-firebase","firebase-functions-hash":"31c33eb2635474c4fe7a178750ef4ecfade562d6"},"sourceUploadUrl":"https://storage.googleapis.com/uploads-379928532172.us-central1.cloudfunctions.appspot.com/3177ece3-72b0-425f-9b04-949225deab5d.zip?GoogleAccessId=service-394188004542@gcf-admin-robot.iam.gserviceaccount.com&Expires=1701948144&Signature=JMf64nTtXardsVtjEwTjupZohNnfCT2cQv%2BrENsIKE8WqHVNSp3ZabSFbW76Cw%2BB1J9KNp7UA18S5DCIDNeOQChsBzxBm76drfsVIXPzpXh9ZNwPVbTUDBHv7Y%2BJ2eNVAOwvQwmXpY9oDpe5B2vT8wHVw297H25RK%2FxKQKkmJrQiCMY4EOF%2Fpm49Y30gHo5RZUmVjvJC894%2Fr1%2BgadqQ92rOctytd6Ay%2BfKQ%2BMTnBxHXmY2nSbVxoP1pbq86vvZ5WEgUwXHO5n%2FdcskyO8Qs72zf%2Fxyw8Rww%2FJh2ixBZsNcxRTsXbDOqHxAHTUQ77SsiMPC8AFBYYTcKsmGu8TdH0A%3D%3D","environmentVariables":{"FIREBASE_CONFIG":"{\"projectId\":\"drilllight\",\"databaseURL\":\"https://drilllight-default-rtdb.europe-west1.firebasedatabase.app\",\"storageBucket\":\"drilllight.appspot.com\",\"locationId\":\"europe-west\"}","GCLOUD_PROJECT":"drilllight","EVENTARC_CLOUD_EVENT_SOURCE":"projects/drilllight/locations/us-central1/functions/app"},"runtime":"nodejs18","buildId":"95fcf33b-922a-45c3-92d6-c71aa4136648","buildEnvironmentVariables":{"GOOGLE_NODE_RUN_SCRIPTS":""},"buildName":"projects/394188004542/locations/us-central1/builds/95fcf33b-922a-45c3-92d6-c71aa4136648","dockerRegistry":"ARTIFACT_REGISTRY","automaticUpdatePolicy":{}},"versionId":"4","updateTime":"2023-12-07T10:52:25Z","buildId":"739f9424-8161-4f44-a48f-000bb059e07d","sourceToken":"93f49972-220f-4463-b191-f9594035c81f","buildName":"projects/394188004542/locations/us-central1/builds/739f9424-8161-4f44-a48f-000bb059e07d"}}
[debug] [2023-12-07T10:53:12.201Z] Got source token 93f49972-220f-4463-b191-f9594035c81f for region us-central1
